<?xml version="1.0" encoding="UTF-8"?>
<testsuite xmlns:xsi="http://www.w3.org/2001/XMLSchema-instance" xsi:noNamespaceSchemaLocation="https://maven.apache.org/surefire/maven-surefire-plugin/xsd/surefire-test-report-3.0.xsd" version="3.0" name="controlador.ControladorBrokerTest" time="2.889" tests="5" errors="0" skipped="0" failures="0">
  <properties>
[...]
</properties>
  <testcase name="testVotosContados" classname="controlador.ControladorBrokerTest" time="2.413">
    <system-err><![CDATA[Mockito is currently self-attaching to enable the inline-mock-maker. This will no longer work in future releases of the JDK. Please add Mockito as an agent to your build as described in Mockito's documentation: https://javadoc.io/doc/org.mockito/mockito-core/latest/org.mockito/org/mockito/Mockito.html#0.3
WARNING: A Java agent has been loaded dynamically (C:\Users\Jaret\.m2\repository\net\bytebuddy\byte-buddy-agent\1.17.5\byte-buddy-agent-1.17.5.jar)
WARNING: If a serviceability tool is in use, please run with -XX:+EnableDynamicAgentLoading to hide this warning
WARNING: If a serviceability tool is not in use, please run with -Djdk.instrument.traceUsage for more information
WARNING: Dynamic loading of agents will be disallowed by default in a future release
No se pudo conectar al broker en localhost:8080
]]></system-err>
  </testcase>
  <testcase name="testProcesarMensajePushDesconocido" classname="controlador.ControladorBrokerTest" time="0.02">
    <system-out><![CDATA[Mensaje push desconocido: {"tipo":"otroTipo"}
]]></system-out>
    <system-err><![CDATA[No se pudo conectar al broker en localhost:8080
]]></system-err>
  </testcase>
  <testcase name="testVotarProductoActualizaVotos" classname="controlador.ControladorBrokerTest" time="0.125">
    <system-out><![CDATA[Evento registrado. Total de eventos en bitácora: 7
]]></system-out>
    <system-err><![CDATA[No se pudo conectar al broker en localhost:8080
]]></system-err>
  </testcase>
  <testcase name="testNotificarCambioVotos" classname="controlador.ControladorBrokerTest" time="0.251">
    <system-err><![CDATA[No se pudo conectar al broker en localhost:8080
No se recibió respuesta del broker al registrar en la bitácora.
]]></system-err>
  </testcase>
  <testcase name="testCrearSolicitudConVariables" classname="controlador.ControladorBrokerTest" time="0.007">
    <system-err><![CDATA[No se pudo conectar al broker en localhost:8080
]]></system-err>
  </testcase>
</testsuite>